<?xml version="1.0" encoding="UTF-8" ?>
<testsuite tests="36" failures="0" name="com.cucumber.testrunner.TestRunner" time="0.033" errors="0" skipped="0">
  <properties>
[...]
</properties>
  <testcase classname="| TestFN | TestLN | 9876543212345 | 1234 |" name="Given User launch the fb" time="0.007"/>
  <testcase classname="| TestFN | TestLN | 9876543212345 | 1234 |" name="When User enter the firstname &apos;TestFN&apos;" time="0"/>
  <testcase classname="| TestFN | TestLN | 9876543212345 | 1234 |" name="And User enter the lastname &apos;TestLN&apos;" time="0"/>
  <testcase classname="| TestFN | TestLN | 9876543212345 | 1234 |" name="And User enter the mobilenumber &apos;9876543212345&apos;" time="0"/>
  <testcase classname="| TestFN | TestLN | 9876543212345 | 1234 |" name="And User enter the password &apos;1234&apos;" time="0"/>
  <testcase classname="| TestFN | TestLN | 9876543212345 | 1234 |" name="| TestFN | TestLN | 9876543212345 | 1234 |" time="0.006"/>
  <testcase classname="| Test1FN | Test1ln | 12345678 | 5678 |" name="Given User launch the fb" time="0"/>
  <testcase classname="| Test1FN | Test1ln | 12345678 | 5678 |" name="When User enter the firstname &apos;Test1FN&apos;" time="0.001"/>
  <testcase classname="| Test1FN | Test1ln | 12345678 | 5678 |" name="And User enter the lastname &apos;Test1ln&apos;" time="0"/>
  <testcase classname="| Test1FN | Test1ln | 12345678 | 5678 |" name="And User enter the mobilenumber &apos;12345678&apos;" time="0"/>
  <testcase classname="| Test1FN | Test1ln | 12345678 | 5678 |" name="And User enter the password &apos;5678&apos;" time="0"/>
  <testcase classname="| Test1FN | Test1ln | 12345678 | 5678 |" name="| Test1FN | Test1ln | 12345678 | 5678 |" time="0.003"/>
  <testcase classname="| Test2FN | Test2LN | 4657676 | 9012 |" name="Given User launch the fb" time="0"/>
  <testcase classname="| Test2FN | Test2LN | 4657676 | 9012 |" name="When User enter the firstname &apos;Test2FN&apos;" time="0"/>
  <testcase classname="| Test2FN | Test2LN | 4657676 | 9012 |" name="And User enter the lastname &apos;Test2LN&apos;" time="0"/>
  <testcase classname="| Test2FN | Test2LN | 4657676 | 9012 |" name="And User enter the mobilenumber &apos;4657676&apos;" time="0"/>
  <testcase classname="| Test2FN | Test2LN | 4657676 | 9012 |" name="And User enter the password &apos;9012&apos;" time="0"/>
  <testcase classname="| Test2FN | Test2LN | 4657676 | 9012 |" name="| Test2FN | Test2LN | 4657676 | 9012 |" time="0.003"/>
  <testcase classname="| Test2FN | Test2LN | 4657676 | 9012 |" name="Given User launch the fb" time="0.004"/>
  <testcase classname="| Test2FN | Test2LN | 4657676 | 9012 |" name="When User enter the firstname &apos;Test2FN&apos;" time="0"/>
  <testcase classname="| Test2FN | Test2LN | 4657676 | 9012 |" name="And User enter the lastname &apos;Test2LN&apos;" time="0"/>
  <testcase classname="| Test2FN | Test2LN | 4657676 | 9012 |" name="And User enter the mobilenumber &apos;4657676&apos;" time="0"/>
  <testcase classname="| Test2FN | Test2LN | 4657676 | 9012 |" name="And User enter the password &apos;9012&apos;" time="0"/>
  <testcase classname="| Test2FN | Test2LN | 4657676 | 9012 |" name="| Test2FN | Test2LN | 4657676 | 9012 |" time="0.004"/>
  <testcase classname="| Test2FN | Test2LN | 4657676 | 9012 |" name="Given User launch the fb" time="0"/>
  <testcase classname="| Test2FN | Test2LN | 4657676 | 9012 |" name="When User enter the firstname &apos;Test2FN&apos;" time="0"/>
  <testcase classname="| Test2FN | Test2LN | 4657676 | 9012 |" name="And User enter the lastname &apos;Test2LN&apos;" time="0"/>
  <testcase classname="| Test2FN | Test2LN | 4657676 | 9012 |" name="And User enter the mobilenumber &apos;4657676&apos;" time="0"/>
  <testcase classname="| Test2FN | Test2LN | 4657676 | 9012 |" name="And User enter the password &apos;9012&apos;" time="0"/>
  <testcase classname="| Test2FN | Test2LN | 4657676 | 9012 |" name="| Test2FN | Test2LN | 4657676 | 9012 |" time="0.002"/>
  <testcase classname="| Test2FN | Test2LN | 4657676 | 9012 |" name="Given User launch the fb" time="0.001"/>
  <testcase classname="| Test2FN | Test2LN | 4657676 | 9012 |" name="When User enter the firstname &apos;Test2FN&apos;" time="0"/>
  <testcase classname="| Test2FN | Test2LN | 4657676 | 9012 |" name="And User enter the lastname &apos;Test2LN&apos;" time="0"/>
  <testcase classname="| Test2FN | Test2LN | 4657676 | 9012 |" name="And User enter the mobilenumber &apos;4657676&apos;" time="0"/>
  <testcase classname="| Test2FN | Test2LN | 4657676 | 9012 |" name="And User enter the password &apos;9012&apos;" time="0"/>
  <testcase classname="| Test2FN | Test2LN | 4657676 | 9012 |" name="| Test2FN | Test2LN | 4657676 | 9012 |" time="0.002"/>
</testsuite>